#
# A fatal error has been detected by the Java Runtime Environment:
#
#  SIGSEGV (0xb) at pc=0x00007f16485d1dbb, pid=14584, tid=139733611288320
#
# JRE version: 6.0_27-b27
# Java VM: OpenJDK 64-Bit Server VM (20.0-b12 mixed mode linux-amd64 compressed oops)
# Derivative: IcedTea6 1.12.6
# Distribution: Ubuntu 12.04 LTS, package 6b27-1.12.6-1ubuntu0.12.04.2
# Problematic frame:
# V  [libjvm.so+0x769dbb]  UNICODE::utf8_length(unsigned short*, int)+0x1b
#
# If you would like to submit a bug report, please include
# instructions how to reproduce the bug and visit:
#   https://bugs.launchpad.net/ubuntu/+source/openjdk-6/
#

---------------  T H R E A D  ---------------

Current thread (0x00007f16400a6800):  JavaThread "JDWP Transport Listener: dt_socket" daemon [_thread_in_vm, id=14601, stack(0x00007f1644339000,0x00007f164443a000)]

siginfo:si_signo=SIGSEGV: si_errno=0, si_code=1 (SEGV_MAPERR), si_addr=0x0000000000000010

Registers:
RAX=0x0000000000000000, RBX=0x00007f164017cc20, RCX=0x0000000000000014, RDX=0x0000000000000000
RSP=0x00007f1644438ae0, RBP=0x00007f1644438ae0, RSI=0x0000000000000008, RDI=0x0000000000000010
R8 =0x0000000000000000, R9 =0x0101010101010101, R10=0x0000000000000020, R11=0x00007f1648ccfd4a
R12=0x00000000e25b6900, R13=0x00007f164700ee80, R14=0x0000000000000000, R15=0x0000000000000001
RIP=0x00007f16485d1dbb, EFLAGS=0x0000000000010246, CSGSFS=0x0000000000000033, ERR=0x0000000000000004
  TRAPNO=0x000000000000000e

Top of Stack: (sp=0x00007f1644438ae0)
0x00007f1644438ae0:   00007f1644438b60 00007f16483255ea
0x00007f1644438af0:   00007f16400a6800 0000000000000000
0x00007f1644438b00:   00007f16400a69d0 00007f164700ee80
0x00007f1644438b10:   00007f16400a6800 00007f1646dfafa2
0x00007f1644438b20:   00007f16400a6800 00007f16400a6800
0x00007f1644438b30:   00007f1644438b60 00007f16400a69d0
0x00007f1644438b40:   00007f164017cc20 00007f164700ee80
0x00007f1644438b50:   00007f1644438c20 0000000000000001
0x00007f1644438b60:   00007f1644438ba0 00007f1646ddced2
0x00007f1644438b70:   0000000000000001 000000000000000a
0x00007f1644438b80:   0000000000000001 0000000000000000
0x00007f1644438b90:   000000000000000a 0000000000000001
0x00007f1644438ba0:   00007f1644438de0 00007f1646de5630
0x00007f1644438bb0:   00000ae200000013 00007f1614010a00
0x00007f1644438bc0:   00007f160c000ce0 00007f16483cf724
0x00007f1644438bd0:   00007f160c000ce8 000000000000000b
0x00007f1644438be0:   00000ae200000013 00007f1614010a00
0x00007f1644438bf0:   00007f160c000ce0 00007f1614006a10
0x00007f1644438c00:   00000ae200000013 00007f1614010a00
0x00007f1644438c10:   00007f160c000ce0 00007f1649417e18
0x00007f1644438c20:   00007f1644438c70 00007f160000012c
0x00007f1644438c30:   00007f1644438c38 0000000000000000
0x00007f1644438c40:   00007f1644438c70 0000000000000000
0x00007f1644438c50:   00007f0000000000 00000ae200000018
0x00007f1644438c60:   0000000000000080 00007f1644438c70
0x00007f1644438c70:   0000005b01000000 0000002500000000
0x00007f1644438c80:   7f00001900000000 0000000855001416
0x00007f1644438c90:   0000003b00000000 00000101004d0000
0x00007f1644438ca0:   0000200000000000 000090500014167f
0x00007f1644438cb0:   00000d0000000000 000102004d000000
0x00007f1644438cc0:   0006000000000000 00b01400f8157f00
0x00007f1644438cd0:   003d000000000000 0103004d00000000 

Instructions: (pc=0x00007f16485d1dbb)
0x00007f16485d1d9b:   03 5d c3 66 90 55 31 c0 85 f6 48 89 e5 7e 38 31
0x00007f16485d1dab:   d2 eb 0d 66 90 48 83 c2 01 83 c0 01 39 d6 7e 27
0x00007f16485d1dbb:   0f b7 0c 57 44 8d 41 ff 66 41 83 f8 7e 76 e6 44
0x00007f16485d1dcb:   8d 40 02 83 c0 03 66 81 f9 ff 07 41 0f 46 c0 48 

Register to memory mapping:

RAX=0x0000000000000000 is an unknown value
RBX=0x00007f164017cc20 is a global jni handle
RCX=0x0000000000000014 is an unknown value
RDX=0x0000000000000000 is an unknown value
RSP=0x00007f1644438ae0 is pointing into the stack for thread: 0x00007f16400a6800
RBP=0x00007f1644438ae0 is pointing into the stack for thread: 0x00007f16400a6800
RSI=0x0000000000000008 is an unknown value
RDI=0x0000000000000010 is an unknown value
R8 =0x0000000000000000 is an unknown value
R9 =0x0101010101010101 is an unknown value
R10=0x0000000000000020 is an unknown value
R11=0x00007f1648ccfd4a: <offset 0x8bd4a> in /lib/x86_64-linux-gnu/libc.so.6 at 0x00007f1648c44000
R12=0x00000000e25b6900 is an oop
java.lang.String 
 - klass: 'java/lang/String'
R13=0x00007f164700ee80: <offset 0x23ae80> in /usr/lib/jvm/java-6-openjdk-amd64/jre/lib/amd64/libjdwp.so at 0x00007f1646dd4000
R14=0x0000000000000000 is an unknown value
R15=0x0000000000000001 is an unknown value


Stack: [0x00007f1644339000,0x00007f164443a000],  sp=0x00007f1644438ae0,  free space=1022k
Native frames: (J=compiled Java code, j=interpreted, Vv=VM code, C=native code)
V  [libjvm.so+0x769dbb]  UNICODE::utf8_length(unsigned short*, int)+0x1b
V  [libjvm.so+0x4bd5ea]  jni_GetStringUTFChars+0x8a
C  [libjdwp.so+0x8ed2]  __strcat_chk+0x8ed2
C  [libjdwp.so+0x11630]  Agent_OnLoad+0x28e0
C  [libjdwp.so+0x236fe]  Agent_OnLoad+0x149ae
V  [libjvm.so+0x5643f7]  JvmtiAgentThread::call_start_function()+0x97
V  [libjvm.so+0x74b348]  JavaThread::thread_main_inner()+0x58
V  [libjvm.so+0x64ac72]  java_start(Thread*)+0x112


---------------  P R O C E S S  ---------------

Java Threads: ( => current thread )
  0x00007f15f4007800 JavaThread "New I/O  worker #9" [_thread_in_native, id=14623, stack(0x00007f163c398000,0x00007f163c499000)]
  0x00007f1640376000 JavaThread "outbound-mgmt-1" [_thread_blocked, id=14614, stack(0x00007f163c499000,0x00007f163c59a000)]
  0x00007f1640356800 JavaThread "New I/O server boss #2 ([id: 0x2918958e, /0:0:0:0:0:0:0:0:6101])" [_thread_in_native, id=14612, stack(0x00007f163c69b000,0x00007f163c79c000)]
  0x00007f1640355800 JavaThread "New I/O server boss #1 ([id: 0x54083e1e, /0:0:0:0:0:0:0:0:6001])" [_thread_in_native, id=14611, stack(0x00007f163c79c000,0x00007f163c89d000)]
  0x00007f16400b2000 JavaThread "Low Memory Detector" daemon [_thread_blocked, id=14609, stack(0x00007f163cdfe000,0x00007f163ceff000)]
  0x00007f16400af800 JavaThread "C2 CompilerThread1" daemon [_thread_blocked, id=14608, stack(0x00007f163ceff000,0x00007f163d000000)]
  0x00007f16400ac800 JavaThread "C2 CompilerThread0" daemon [_thread_blocked, id=14607, stack(0x00007f1644036000,0x00007f1644137000)]
  0x00007f1614001000 JavaThread "JDWP Command Reader" daemon [_thread_in_native, id=14603, stack(0x00007f1644137000,0x00007f1644238000)]
  0x00007f16400aa800 JavaThread "JDWP Event Helper Thread" daemon [_thread_blocked, id=14602, stack(0x00007f1644238000,0x00007f1644339000)]
=>0x00007f16400a6800 JavaThread "JDWP Transport Listener: dt_socket" daemon [_thread_in_vm, id=14601, stack(0x00007f1644339000,0x00007f164443a000)]
  0x00007f1640099000 JavaThread "Signal Dispatcher" daemon [_thread_blocked, id=14599, stack(0x00007f164463f000,0x00007f1644740000)]
  0x00007f164007b000 JavaThread "Finalizer" daemon [_thread_blocked, id=14598, stack(0x00007f1644740000,0x00007f1644841000)]
  0x00007f1640079000 JavaThread "Reference Handler" daemon [_thread_blocked, id=14597, stack(0x00007f1644841000,0x00007f1644942000)]
  0x00007f164000a800 JavaThread "main" [_thread_blocked, id=14585, stack(0x00007f1649729000,0x00007f164982a000)]

Other Threads:
  0x00007f1640074000 VMThread [stack: 0x00007f1644942000,0x00007f1644a43000] [id=14596]
  0x00007f16400bc800 WatcherThread [stack: 0x00007f163ccfd000,0x00007f163cdfe000] [id=14610]

VM state:not at safepoint (normal execution)

VM Mutex/Monitor currently owned by a thread: None

Heap
 PSYoungGen      total 27328K, used 18446K [0x00000000e18b0000, 0x00000000e3720000, 0x0000000100000000)
  eden space 23488K, 78% used [0x00000000e18b0000,0x00000000e2ab3b88,0x00000000e2fa0000)
  from space 3840K, 0% used [0x00000000e3360000,0x00000000e3360000,0x00000000e3720000)
  to   space 3840K, 0% used [0x00000000e2fa0000,0x00000000e2fa0000,0x00000000e3360000)
 PSOldGen        total 62400K, used 0K [0x00000000a4a00000, 0x00000000a86f0000, 0x00000000e18b0000)
  object space 62400K, 0% used [0x00000000a4a00000,0x00000000a4a00000,0x00000000a86f0000)
 PSPermGen       total 21248K, used 10194K [0x000000009a400000, 0x000000009b8c0000, 0x00000000a4a00000)
  object space 21248K, 47% used [0x000000009a400000,0x000000009adf4940,0x000000009b8c0000)

Code Cache  [0x00007f163d000000, 0x00007f163d270000, 0x00007f1640000000)
 total_blobs=289 nmethods=78 adapters=174 free_code_cache=49731648 largest_free_block=17920

Dynamic libraries:
00400000-00409000 r-xp 00000000 08:07 4215390                            /usr/lib/jvm/java-6-openjdk-amd64/jre/bin/java
00608000-00609000 r--p 00008000 08:07 4215390                            /usr/lib/jvm/java-6-openjdk-amd64/jre/bin/java
00609000-0060a000 rw-p 00009000 08:07 4215390                            /usr/lib/jvm/java-6-openjdk-amd64/jre/bin/java
00d0b000-00d2c000 rw-p 00000000 00:00 0                                  [heap]
9a400000-9b8c0000 rw-p 00000000 00:00 0 
9b8c0000-a4a00000 rw-p 00000000 00:00 0 
a4a00000-a86f0000 rw-p 00000000 00:00 0 
a86f0000-e18b0000 rw-p 00000000 00:00 0 
e18b0000-e3720000 rw-p 00000000 00:00 0 
e3720000-100000000 rw-p 00000000 00:00 0 
7f15ec000000-7f15ec021000 rw-p 00000000 00:00 0 
7f15ec021000-7f15f0000000 ---p 00000000 00:00 0 
7f15f0000000-7f15f0025000 rw-p 00000000 00:00 0 
7f15f0025000-7f15f4000000 ---p 00000000 00:00 0 
7f15f4000000-7f15f4021000 rw-p 00000000 00:00 0 
7f15f4021000-7f15f8000000 ---p 00000000 00:00 0 
7f15f8000000-7f15f8021000 rw-p 00000000 00:00 0 
7f15f8021000-7f15fc000000 ---p 00000000 00:00 0 
7f15fc000000-7f15fc021000 rw-p 00000000 00:00 0 
7f15fc021000-7f1600000000 ---p 00000000 00:00 0 
7f1600000000-7f1600021000 rw-p 00000000 00:00 0 
7f1600021000-7f1604000000 ---p 00000000 00:00 0 
7f1604000000-7f160437a000 rw-p 00000000 00:00 0 
7f160437a000-7f1608000000 ---p 00000000 00:00 0 
7f1608000000-7f1608021000 rw-p 00000000 00:00 0 
7f1608021000-7f160c000000 ---p 00000000 00:00 0 
7f160c000000-7f160c021000 rw-p 00000000 00:00 0 
7f160c021000-7f1610000000 ---p 00000000 00:00 0 
7f1610000000-7f16104e9000 rw-p 00000000 00:00 0 
7f16104e9000-7f1614000000 ---p 00000000 00:00 0 
7f1614000000-7f1614025000 rw-p 00000000 00:00 0 
7f1614025000-7f1618000000 ---p 00000000 00:00 0 
7f1618000000-7f1618021000 rw-p 00000000 00:00 0 
7f1618021000-7f161c000000 ---p 00000000 00:00 0 
7f161c000000-7f161c021000 rw-p 00000000 00:00 0 
7f161c021000-7f1620000000 ---p 00000000 00:00 0 
7f1620000000-7f1620021000 rw-p 00000000 00:00 0 
7f1620021000-7f1624000000 ---p 00000000 00:00 0 
7f1624000000-7f1624021000 rw-p 00000000 00:00 0 
7f1624021000-7f1628000000 ---p 00000000 00:00 0 
7f1628000000-7f1628021000 rw-p 00000000 00:00 0 
7f1628021000-7f162c000000 ---p 00000000 00:00 0 
7f162c000000-7f162c021000 rw-p 00000000 00:00 0 
7f162c021000-7f1630000000 ---p 00000000 00:00 0 
7f1630000000-7f1630021000 rw-p 00000000 00:00 0 
7f1630021000-7f1634000000 ---p 00000000 00:00 0 
7f1634000000-7f1634021000 rw-p 00000000 00:00 0 
7f1634021000-7f1638000000 ---p 00000000 00:00 0 
7f1638000000-7f1638021000 rw-p 00000000 00:00 0 
7f1638021000-7f163c000000 ---p 00000000 00:00 0 
7f163c398000-7f163c39b000 ---p 00000000 00:00 0 
7f163c39b000-7f163c499000 rw-p 00000000 00:00 0 
7f163c499000-7f163c49c000 ---p 00000000 00:00 0 
7f163c49c000-7f163c59a000 rw-p 00000000 00:00 0 
7f163c59a000-7f163c59d000 ---p 00000000 00:00 0 
7f163c59d000-7f163c69b000 rw-p 00000000 00:00 0 
7f163c69b000-7f163c69e000 ---p 00000000 00:00 0 
7f163c69e000-7f163c79c000 rw-p 00000000 00:00 0 
7f163c79c000-7f163c79f000 ---p 00000000 00:00 0 
7f163c79f000-7f163c89d000 rw-p 00000000 00:00 0 
7f163c89d000-7f163c8a5000 r-xp 00000000 08:07 4201331                    /usr/lib/jvm/java-6-openjdk-amd64/jre/lib/amd64/libnio.so
7f163c8a5000-7f163caa4000 ---p 00008000 08:07 4201331                    /usr/lib/jvm/java-6-openjdk-amd64/jre/lib/amd64/libnio.so
7f163caa4000-7f163caa5000 r--p 00007000 08:07 4201331                    /usr/lib/jvm/java-6-openjdk-amd64/jre/lib/amd64/libnio.so
7f163caa5000-7f163caa6000 rw-p 00008000 08:07 4201331                    /usr/lib/jvm/java-6-openjdk-amd64/jre/lib/amd64/libnio.so
7f163caa6000-7f163cabb000 r-xp 00000000 08:07 4201766                    /usr/lib/jvm/java-6-openjdk-amd64/jre/lib/amd64/libnet.so
7f163cabb000-7f163ccba000 ---p 00015000 08:07 4201766                    /usr/lib/jvm/java-6-openjdk-amd64/jre/lib/amd64/libnet.so
7f163ccba000-7f163ccbb000 r--p 00014000 08:07 4201766                    /usr/lib/jvm/java-6-openjdk-amd64/jre/lib/amd64/libnet.so
7f163ccbb000-7f163ccbc000 rw-p 00015000 08:07 4201766                    /usr/lib/jvm/java-6-openjdk-amd64/jre/lib/amd64/libnet.so
7f163ccbc000-7f163ccbd000 r--s 00002000 08:07 3152676                    /home/mahajan/cmpe275/Project01/core-netty/lib/slf4j-simple-1.7.2.jar
7f163ccbd000-7f163ccc4000 r--s 000fc000 08:07 4199087                    /usr/lib/jvm/java-6-openjdk-common/jre/lib/resources.jar
7f163ccc4000-7f163cce8000 r--s 001aa000 08:07 3152668                    /home/mahajan/cmpe275/Project01/core-netty/lib/guava-13.0.1.jar
7f163cce8000-7f163ccfd000 r--s 000fe000 08:07 3152673                    /home/mahajan/cmpe275/Project01/core-netty/lib/netty-3.5.3.Final.jar
7f163ccfd000-7f163ccfe000 ---p 00000000 00:00 0 
7f163ccfe000-7f163cdfe000 rw-p 00000000 00:00 0 
7f163cdfe000-7f163ce01000 ---p 00000000 00:00 0 
7f163ce01000-7f163ceff000 rw-p 00000000 00:00 0 
7f163ceff000-7f163cf02000 ---p 00000000 00:00 0 
7f163cf02000-7f163d000000 rw-p 00000000 00:00 0 
7f163d000000-7f163d270000 rwxp 00000000 00:00 0 
7f163d270000-7f164037f000 rw-p 00000000 00:00 0 
7f164037f000-7f1644000000 ---p 00000000 00:00 0 
7f1644002000-7f1644004000 r--s 00005000 08:07 3152675                    /home/mahajan/cmpe275/Project01/core-netty/lib/slf4j-api-1.7.2.jar
7f1644004000-7f164400e000 r--s 00143000 08:07 3152669                    /home/mahajan/cmpe275/Project01/core-netty/lib/h2-1.3.169.jar
7f164400e000-7f1644014000 r--s 00068000 08:07 3152674                    /home/mahajan/cmpe275/Project01/core-netty/lib/protobuf-java-2.4.1.jar
7f1644014000-7f1644025000 r--s 000ac000 08:07 3152671                    /home/mahajan/cmpe275/Project01/core-netty/lib/jts-1.12.jar
7f1644025000-7f1644036000 r--s 000e7000 08:07 3152670                    /home/mahajan/cmpe275/Project01/core-netty/lib/jackson-all-1.8.5.jar
7f1644036000-7f1644039000 ---p 00000000 00:00 0 
7f1644039000-7f1644137000 rw-p 00000000 00:00 0 
7f1644137000-7f164413a000 ---p 00000000 00:00 0 
7f164413a000-7f1644238000 rw-p 00000000 00:00 0 
7f1644238000-7f164423b000 ---p 00000000 00:00 0 
7f164423b000-7f1644339000 rw-p 00000000 00:00 0 
7f1644339000-7f164433c000 ---p 00000000 00:00 0 
7f164433c000-7f164443a000 rw-p 00000000 00:00 0 
7f164443a000-7f164443e000 r-xp 00000000 08:07 4215367                    /usr/lib/jvm/java-6-openjdk-amd64/jre/lib/amd64/libdt_socket.so
7f164443e000-7f164463d000 ---p 00004000 08:07 4215367                    /usr/lib/jvm/java-6-openjdk-amd64/jre/lib/amd64/libdt_socket.so
7f164463d000-7f164463e000 r--p 00003000 08:07 4215367                    /usr/lib/jvm/java-6-openjdk-amd64/jre/lib/amd64/libdt_socket.so
7f164463e000-7f164463f000 rw-p 00004000 08:07 4215367                    /usr/lib/jvm/java-6-openjdk-amd64/jre/lib/amd64/libdt_socket.so
7f164463f000-7f1644642000 ---p 00000000 00:00 0 
7f1644642000-7f1644740000 rw-p 00000000 00:00 0 
7f1644740000-7f1644743000 ---p 00000000 00:00 0 
7f1644743000-7f1644841000 rw-p 00000000 00:00 0 
7f1644841000-7f1644844000 ---p 00000000 00:00 0 
7f1644844000-7f1644942000 rw-p 00000000 00:00 0 
7f1644942000-7f1644943000 ---p 00000000 00:00 0 
7f1644943000-7f1644f7b000 rw-p 00000000 00:00 0 
7f1644f7b000-7f164510f000 r--s 03807000 08:07 4195861                    /usr/lib/jvm/java-6-openjdk-amd64/jre/lib/rt.jar
7f164510f000-7f1645137000 rw-p 00000000 00:00 0 
7f1645137000-7f1645138000 ---p 00000000 00:00 0 
7f1645138000-7f1645238000 rw-p 00000000 00:00 0 
7f1645238000-7f1645239000 ---p 00000000 00:00 0 
7f1645239000-7f1645339000 rw-p 00000000 00:00 0 
7f1645339000-7f164533a000 ---p 00000000 00:00 0 
7f164533a000-7f164543a000 rw-p 00000000 00:00 0 
7f164543a000-7f164543b000 ---p 00000000 00:00 0 
7f164543b000-7f1645546000 rw-p 00000000 00:00 0 
7f1645546000-7f164558e000 rw-p 00000000 00:00 0 
7f164558e000-7f16455ad000 rw-p 00000000 00:00 0 
7f16455ad000-7f1645776000 rw-p 00000000 00:00 0 
7f1645776000-7f1645781000 rw-p 00000000 00:00 0 
7f1645781000-7f16457c9000 rw-p 00000000 00:00 0 
7f16457c9000-7f16457e8000 rw-p 00000000 00:00 0 
7f16457e8000-7f16459b0000 rw-p 00000000 00:00 0 
7f16459b0000-7f16459c0000 rw-p 00000000 00:00 0 
7f16459c0000-7f1645aa4000 rw-p 00000000 00:00 0 
7f1645aa4000-7f1645aa5000 rw-p 00000000 00:00 0 
7f1645aa5000-7f1645aac000 r-xp 00000000 08:07 4201328                    /usr/lib/jvm/java-6-openjdk-amd64/jre/lib/amd64/libzip.so
7f1645aac000-7f1645cab000 ---p 00007000 08:07 4201328                    /usr/lib/jvm/java-6-openjdk-amd64/jre/lib/amd64/libzip.so
7f1645cab000-7f1645cac000 r--p 00006000 08:07 4201328                    /usr/lib/jvm/java-6-openjdk-amd64/jre/lib/amd64/libzip.so
7f1645cac000-7f1645cad000 rw-p 00007000 08:07 4201328                    /usr/lib/jvm/java-6-openjdk-amd64/jre/lib/amd64/libzip.so
7f1645cad000-7f1645cb9000 r-xp 00000000 08:07 2109218                    /lib/x86_64-linux-gnu/libnss_files-2.15.so
7f1645cb9000-7f1645eb8000 ---p 0000c000 08:07 2109218                    /lib/x86_64-linux-gnu/libnss_files-2.15.so
7f1645eb8000-7f1645eb9000 r--p 0000b000 08:07 2109218                    /lib/x86_64-linux-gnu/libnss_files-2.15.so
7f1645eb9000-7f1645eba000 rw-p 0000c000 08:07 2109218                    /lib/x86_64-linux-gnu/libnss_files-2.15.so
7f1645eba000-7f1645ec4000 r-xp 00000000 08:07 2109214                    /lib/x86_64-linux-gnu/libnss_nis-2.15.so
7f1645ec4000-7f16460c4000 ---p 0000a000 08:07 2109214                    /lib/x86_64-linux-gnu/libnss_nis-2.15.so
7f16460c4000-7f16460c5000 r--p 0000a000 08:07 2109214                    /lib/x86_64-linux-gnu/libnss_nis-2.15.so
7f16460c5000-7f16460c6000 rw-p 0000b000 08:07 2109214                    /lib/x86_64-linux-gnu/libnss_nis-2.15.so
7f16460c6000-7f16460dd000 r-xp 00000000 08:07 2109227                    /lib/x86_64-linux-gnu/libnsl-2.15.so
7f16460dd000-7f16462dc000 ---p 00017000 08:07 2109227                    /lib/x86_64-linux-gnu/libnsl-2.15.so
7f16462dc000-7f16462dd000 r--p 00016000 08:07 2109227                    /lib/x86_64-linux-gnu/libnsl-2.15.so
7f16462dd000-7f16462de000 rw-p 00017000 08:07 2109227                    /lib/x86_64-linux-gnu/libnsl-2.15.so
7f16462de000-7f16462e0000 rw-p 00000000 00:00 0 
7f16462e0000-7f16462e8000 r-xp 00000000 08:07 2109219                    /lib/x86_64-linux-gnu/libnss_compat-2.15.so
7f16462e8000-7f16464e7000 ---p 00008000 08:07 2109219                    /lib/x86_64-linux-gnu/libnss_compat-2.15.so
7f16464e7000-7f16464e8000 r--p 00007000 08:07 2109219                    /lib/x86_64-linux-gnu/libnss_compat-2.15.so
7f16464e8000-7f16464e9000 rw-p 00008000 08:07 2109219                    /lib/x86_64-linux-gnu/libnss_compat-2.15.so
7f16464e9000-7f1646bd0000 r--p 00000000 08:07 4070031                    /usr/lib/locale/locale-archive
7f1646bd0000-7f1646bd3000 r-xp 00000000 08:07 4201491                    /usr/lib/jvm/java-6-openjdk-amd64/jre/lib/amd64/libnpt.so
7f1646bd3000-7f1646dd2000 ---p 00003000 08:07 4201491                    /usr/lib/jvm/java-6-openjdk-amd64/jre/lib/amd64/libnpt.so
7f1646dd2000-7f1646dd3000 r--p 00002000 08:07 4201491                    /usr/lib/jvm/java-6-openjdk-amd64/jre/lib/amd64/libnpt.so
7f1646dd3000-7f1646dd4000 rw-p 00003000 08:07 4201491                    /usr/lib/jvm/java-6-openjdk-amd64/jre/lib/amd64/libnpt.so
7f1646dd4000-7f1646e0e000 r-xp 00000000 08:07 4201760                    /usr/lib/jvm/java-6-openjdk-amd64/jre/lib/amd64/libjdwp.so
7f1646e0e000-7f164700d000 ---p 0003a000 08:07 4201760                    /usr/lib/jvm/java-6-openjdk-amd64/jre/lib/amd64/libjdwp.so
7f164700d000-7f164700e000 r--p 00039000 08:07 4201760                    /usr/lib/jvm/java-6-openjdk-amd64/jre/lib/amd64/libjdwp.so
7f164700e000-7f164700f000 rw-p 0003a000 08:07 4201760                    /usr/lib/jvm/java-6-openjdk-amd64/jre/lib/amd64/libjdwp.so
7f164700f000-7f164703b000 r-xp 00000000 08:07 4201326                    /usr/lib/jvm/java-6-openjdk-amd64/jre/lib/amd64/libjava.so
7f164703b000-7f164723a000 ---p 0002c000 08:07 4201326                    /usr/lib/jvm/java-6-openjdk-amd64/jre/lib/amd64/libjava.so
7f164723a000-7f164723b000 r--p 0002b000 08:07 4201326                    /usr/lib/jvm/java-6-openjdk-amd64/jre/lib/amd64/libjava.so
7f164723b000-7f164723e000 rw-p 0002c000 08:07 4201326                    /usr/lib/jvm/java-6-openjdk-amd64/jre/lib/amd64/libjava.so
7f164723e000-7f164724c000 r-xp 00000000 08:07 4202498                    /usr/lib/jvm/java-6-openjdk-amd64/jre/lib/amd64/libverify.so
7f164724c000-7f164744b000 ---p 0000e000 08:07 4202498                    /usr/lib/jvm/java-6-openjdk-amd64/jre/lib/amd64/libverify.so
7f164744b000-7f164744d000 r--p 0000d000 08:07 4202498                    /usr/lib/jvm/java-6-openjdk-amd64/jre/lib/amd64/libverify.so
7f164744d000-7f164744e000 rw-p 0000f000 08:07 4202498                    /usr/lib/jvm/java-6-openjdk-amd64/jre/lib/amd64/libverify.so
7f164744e000-7f1647455000 r-xp 00000000 08:07 2109212                    /lib/x86_64-linux-gnu/librt-2.15.so
7f1647455000-7f1647654000 ---p 00007000 08:07 2109212                    /lib/x86_64-linux-gnu/librt-2.15.so
7f1647654000-7f1647655000 r--p 00006000 08:07 2109212                    /lib/x86_64-linux-gnu/librt-2.15.so
7f1647655000-7f1647656000 rw-p 00007000 08:07 2109212                    /lib/x86_64-linux-gnu/librt-2.15.so
7f1647656000-7f164766b000 r-xp 00000000 08:07 2100801                    /lib/x86_64-linux-gnu/libgcc_s.so.1
7f164766b000-7f164786a000 ---p 00015000 08:07 2100801                    /lib/x86_64-linux-gnu/libgcc_s.so.1
7f164786a000-7f164786b000 r--p 00014000 08:07 2100801                    /lib/x86_64-linux-gnu/libgcc_s.so.1
7f164786b000-7f164786c000 rw-p 00015000 08:07 2100801                    /lib/x86_64-linux-gnu/libgcc_s.so.1
7f164786c000-7f1647967000 r-xp 00000000 08:07 2109216                    /lib/x86_64-linux-gnu/libm-2.15.so
7f1647967000-7f1647b66000 ---p 000fb000 08:07 2109216                    /lib/x86_64-linux-gnu/libm-2.15.so
7f1647b66000-7f1647b67000 r--p 000fa000 08:07 2109216                    /lib/x86_64-linux-gnu/libm-2.15.so
7f1647b67000-7f1647b68000 rw-p 000fb000 08:07 2109216                    /lib/x86_64-linux-gnu/libm-2.15.so
7f1647b68000-7f1647c4a000 r-xp 00000000 08:07 4071256                    /usr/lib/x86_64-linux-gnu/libstdc++.so.6.0.16
7f1647c4a000-7f1647e49000 ---p 000e2000 08:07 4071256                    /usr/lib/x86_64-linux-gnu/libstdc++.so.6.0.16
7f1647e49000-7f1647e51000 r--p 000e1000 08:07 4071256                    /usr/lib/x86_64-linux-gnu/libstdc++.so.6.0.16
7f1647e51000-7f1647e53000 rw-p 000e9000 08:07 4071256                    /usr/lib/x86_64-linux-gnu/libstdc++.so.6.0.16
7f1647e53000-7f1647e68000 rw-p 00000000 00:00 0 
7f1647e68000-7f1648768000 r-xp 00000000 08:07 4201772                    /usr/lib/jvm/java-6-openjdk-amd64/jre/lib/amd64/server/libjvm.so
7f1648768000-7f1648968000 ---p 00900000 08:07 4201772                    /usr/lib/jvm/java-6-openjdk-amd64/jre/lib/amd64/server/libjvm.so
7f1648968000-7f16489e9000 r--p 00900000 08:07 4201772                    /usr/lib/jvm/java-6-openjdk-amd64/jre/lib/amd64/server/libjvm.so
7f16489e9000-7f1648a04000 rw-p 00981000 08:07 4201772                    /usr/lib/jvm/java-6-openjdk-amd64/jre/lib/amd64/server/libjvm.so
7f1648a04000-7f1648a2d000 rw-p 00000000 00:00 0 
7f1648a2d000-7f1648a43000 r-xp 00000000 08:07 2100891                    /lib/x86_64-linux-gnu/libz.so.1.2.3.4
7f1648a43000-7f1648c42000 ---p 00016000 08:07 2100891                    /lib/x86_64-linux-gnu/libz.so.1.2.3.4
7f1648c42000-7f1648c43000 r--p 00015000 08:07 2100891                    /lib/x86_64-linux-gnu/libz.so.1.2.3.4
7f1648c43000-7f1648c44000 rw-p 00016000 08:07 2100891                    /lib/x86_64-linux-gnu/libz.so.1.2.3.4
7f1648c44000-7f1648df9000 r-xp 00000000 08:07 2100824                    /lib/x86_64-linux-gnu/libc-2.15.so
7f1648df9000-7f1648ff8000 ---p 001b5000 08:07 2100824                    /lib/x86_64-linux-gnu/libc-2.15.so
7f1648ff8000-7f1648ffc000 r--p 001b4000 08:07 2100824                    /lib/x86_64-linux-gnu/libc-2.15.so
7f1648ffc000-7f1648ffe000 rw-p 001b8000 08:07 2100824                    /lib/x86_64-linux-gnu/libc-2.15.so
7f1648ffe000-7f1649003000 rw-p 00000000 00:00 0 
7f1649003000-7f1649005000 r-xp 00000000 08:07 2100822                    /lib/x86_64-linux-gnu/libdl-2.15.so
7f1649005000-7f1649205000 ---p 00002000 08:07 2100822                    /lib/x86_64-linux-gnu/libdl-2.15.so
7f1649205000-7f1649206000 r--p 00002000 08:07 2100822                    /lib/x86_64-linux-gnu/libdl-2.15.so
7f1649206000-7f1649207000 rw-p 00003000 08:07 2100822                    /lib/x86_64-linux-gnu/libdl-2.15.so
7f1649207000-7f164920b000 r-xp 00000000 08:07 4215365                    /usr/lib/jvm/java-6-openjdk-amd64/jre/lib/amd64/jli/libjli.so
7f164920b000-7f164940a000 ---p 00004000 08:07 4215365                    /usr/lib/jvm/java-6-openjdk-amd64/jre/lib/amd64/jli/libjli.so
7f164940a000-7f164940b000 r--p 00003000 08:07 4215365                    /usr/lib/jvm/java-6-openjdk-amd64/jre/lib/amd64/jli/libjli.so
7f164940b000-7f164940c000 rw-p 00004000 08:07 4215365                    /usr/lib/jvm/java-6-openjdk-amd64/jre/lib/amd64/jli/libjli.so
7f164940c000-7f1649424000 r-xp 00000000 08:07 2109210                    /lib/x86_64-linux-gnu/libpthread-2.15.so
7f1649424000-7f1649623000 ---p 00018000 08:07 2109210                    /lib/x86_64-linux-gnu/libpthread-2.15.so
7f1649623000-7f1649624000 r--p 00017000 08:07 2109210                    /lib/x86_64-linux-gnu/libpthread-2.15.so
7f1649624000-7f1649625000 rw-p 00018000 08:07 2109210                    /lib/x86_64-linux-gnu/libpthread-2.15.so
7f1649625000-7f1649629000 rw-p 00000000 00:00 0 
7f1649629000-7f164964b000 r-xp 00000000 08:07 2109222                    /lib/x86_64-linux-gnu/ld-2.15.so
7f164964c000-7f164964e000 r--s 0001b000 08:07 3152664                    /home/mahajan/cmpe275/Project01/core-netty/lib/bonecp-0.7.1.RELEASE.jar
7f164964e000-7f1649651000 r--s 0007f000 08:07 4215356                    /usr/lib/jvm/java-6-openjdk-common/jre/lib/jsse.jar
7f1649651000-7f1649657000 r--s 00034000 08:07 3152672                    /home/mahajan/cmpe275/Project01/core-netty/lib/junit-4.8.2.jar
7f1649657000-7f164965b000 r--s 00038000 08:07 3152667                    /home/mahajan/cmpe275/Project01/core-netty/lib/commons-lang-2.3.jar
7f164965b000-7f1649669000 r--s 0007f000 08:07 3152666                    /home/mahajan/cmpe275/Project01/core-netty/lib/commons-collections-3.2.1.jar
7f1649669000-7f1649673000 rw-p 00000000 00:00 0 
7f1649673000-7f1649729000 rw-p 00000000 00:00 0 
7f1649729000-7f164972c000 ---p 00000000 00:00 0 
7f164972c000-7f164982f000 rw-p 00000000 00:00 0 
7f1649830000-7f1649833000 r--s 00031000 08:07 4198363                    /usr/lib/jvm/java-6-openjdk-common/jre/lib/ext/sunjce_provider.jar
7f1649833000-7f1649837000 r--s 00039000 08:07 4195811                    /usr/lib/jvm/java-6-openjdk-common/jre/lib/ext/sunpkcs11.jar
7f1649837000-7f1649839000 r--s 00001000 08:07 4196569                    /usr/lib/jvm/java-6-openjdk-common/jre/lib/ext/dnsns.jar
7f1649839000-7f164983c000 r--s 00077000 08:07 4196566                    /usr/lib/jvm/java-6-openjdk-common/jre/lib/ext/localedata.jar
7f164983c000-7f164983e000 r--s 0000f000 08:07 4196274                    /usr/lib/jvm/java-6-openjdk-common/jre/lib/ext/pulse-java.jar
7f164983e000-7f164983f000 r--s 00007000 08:07 4335641                    /usr/share/java/java-atk-wrapper.jar
7f164983f000-7f1649847000 rw-s 00000000 08:07 1848127                    /tmp/hsperfdata_mahajan/14584
7f1649847000-7f1649848000 rw-p 00000000 00:00 0 
7f1649848000-7f1649849000 r--p 00000000 00:00 0 
7f1649849000-7f164984b000 rw-p 00000000 00:00 0 
7f164984b000-7f164984c000 r--p 00022000 08:07 2109222                    /lib/x86_64-linux-gnu/ld-2.15.so
7f164984c000-7f164984e000 rw-p 00023000 08:07 2109222                    /lib/x86_64-linux-gnu/ld-2.15.so
7fff4bf3d000-7fff4bf5e000 rw-p 00000000 00:00 0                          [stack]
7fff4bfe8000-7fff4bfe9000 r-xp 00000000 00:00 0                          [vdso]
ffffffffff600000-ffffffffff601000 r-xp 00000000 00:00 0                  [vsyscall]

VM Arguments:
jvm_args: -agentlib:jdwp=transport=dt_socket,suspend=y,address=localhost:38693 -Dfile.encoding=UTF-8 
java_command: poke.server.Server runtime/ring/server1.conf
Launcher Type: SUN_STANDARD

Environment Variables:
JAVA_HOME=/usr/lib/jvm/java-1.6.0-openjdk
PATH=/usr/local/apache-maven/apache-maven-2.2.1/bin:/usr/lib/jvm/java-1.6.0-openjdk/bin:.:/usr/lib/lightdm/lightdm:/usr/local/sbin:/usr/local/bin:/usr/sbin:/usr/bin:/sbin:/bin:/usr/games
LD_LIBRARY_PATH=/usr/lib/jvm/java-6-openjdk-amd64/jre/lib/amd64/server:/usr/lib/jvm/java-6-openjdk-amd64/jre/lib/amd64:/usr/lib/jvm/java-6-openjdk-amd64/jre/../lib/amd64
SHELL=/bin/bash
DISPLAY=:0.0

Signal Handlers:
SIGSEGV: [libjvm.so+0x7837a0], sa_mask[0]=0x7ffbfeff, sa_flags=0x10000004
SIGBUS: [libjvm.so+0x7837a0], sa_mask[0]=0x7ffbfeff, sa_flags=0x10000004
SIGFPE: [libjvm.so+0x647720], sa_mask[0]=0x7ffbfeff, sa_flags=0x10000004
SIGPIPE: [libjvm.so+0x647720], sa_mask[0]=0x7ffbfeff, sa_flags=0x10000004
SIGXFSZ: [libjvm.so+0x647720], sa_mask[0]=0x7ffbfeff, sa_flags=0x10000004
SIGILL: [libjvm.so+0x647720], sa_mask[0]=0x7ffbfeff, sa_flags=0x10000004
SIGUSR1: SIG_DFL, sa_mask[0]=0x00000000, sa_flags=0x00000000
SIGUSR2: [libjvm.so+0x647900], sa_mask[0]=0x00000004, sa_flags=0x10000004
SIGHUP: [libjvm.so+0x64a2d0], sa_mask[0]=0x7ffbfeff, sa_flags=0x10000004
SIGINT: [libjvm.so+0x64a2d0], sa_mask[0]=0x7ffbfeff, sa_flags=0x10000004
SIGTERM: [libjvm.so+0x64a2d0], sa_mask[0]=0x7ffbfeff, sa_flags=0x10000004
SIGQUIT: [libjvm.so+0x64a2d0], sa_mask[0]=0x7ffbfeff, sa_flags=0x10000004


---------------  S Y S T E M  ---------------

OS:Ubuntu 12.04 (precise)
uname:Linux 3.2.0-54-generic #82-Ubuntu SMP Tue Sep 10 20:08:42 UTC 2013 x86_64
libc:glibc 2.15 NPTL 2.15 
rlimit: STACK 8192k, CORE 0k, NPROC 46629, NOFILE 4096, AS infinity
load average:0.23 0.29 0.29

/proc/meminfo:
MemTotal:        5986360 kB
MemFree:         3013320 kB
Buffers:          176104 kB
Cached:          1135580 kB
SwapCached:            0 kB
Active:          1832904 kB
Inactive:         927972 kB
Active(anon):    1535224 kB
Inactive(anon):   158276 kB
Active(file):     297680 kB
Inactive(file):   769696 kB
Unevictable:           0 kB
Mlocked:               0 kB
SwapTotal:       6185980 kB
SwapFree:        6185980 kB
Dirty:                48 kB
Writeback:             0 kB
AnonPages:       1449424 kB
Mapped:           186396 kB
Shmem:            243960 kB
Slab:              74304 kB
SReclaimable:      45220 kB
SUnreclaim:        29084 kB
KernelStack:        4464 kB
PageTables:        31572 kB
NFS_Unstable:          0 kB
Bounce:                0 kB
WritebackTmp:          0 kB
CommitLimit:     9179160 kB
Committed_AS:    4781520 kB
VmallocTotal:   34359738367 kB
VmallocUsed:      564324 kB
VmallocChunk:   34359167508 kB
HardwareCorrupted:     0 kB
AnonHugePages:         0 kB
HugePages_Total:       0
HugePages_Free:        0
HugePages_Rsvd:        0
HugePages_Surp:        0
Hugepagesize:       2048 kB
DirectMap4k:       65536 kB
DirectMap2M:     6133760 kB


CPU:total 4 (2 cores per cpu, 2 threads per core) family 6 model 58 stepping 9, cmov, cx8, fxsr, mmx, sse, sse2, sse3, ssse3, sse4.1, sse4.2, popcnt, ht

Memory: 4k page, physical 5986360k(3013320k free), swap 6185980k(6185980k free)

vm_info: OpenJDK 64-Bit Server VM (20.0-b12) for linux-amd64 JRE (1.6.0_27-b27), built on Jul 17 2013 13:53:24 by "buildd" with gcc 4.6.3

time: Mon Oct  7 23:44:52 2013
elapsed time: 171 seconds

